<?xml version="1.0" encoding="UTF-8"?>
<testsuite name="com.myweb.springboot.web.IndexControllerTest" tests="1" skipped="0" failures="0" errors="0" timestamp="2021-11-17T12:37:01" hostname="SOYEON" time="0.156">
  <properties/>
  <testcase name="메인페이지_로딩" classname="com.myweb.springboot.web.IndexControllerTest" time="0.156"/>
  <system-out><![CDATA[2021-11-17 21:37:01.674  INFO 16500 --- [    Test worker] .b.t.c.SpringBootTestContextBootstrapper : Neither @ContextConfiguration nor @ContextHierarchy found for test class [com.myweb.springboot.web.IndexControllerTest], using SpringBootContextLoader
2021-11-17 21:37:01.677  INFO 16500 --- [    Test worker] o.s.t.c.support.AbstractContextLoader    : Could not detect default resource locations for test class [com.myweb.springboot.web.IndexControllerTest]: no resource found for suffixes {-context.xml, Context.groovy}.
2021-11-17 21:37:01.677  INFO 16500 --- [    Test worker] t.c.s.AnnotationConfigContextLoaderUtils : Could not detect default configuration classes for test class [com.myweb.springboot.web.IndexControllerTest]: IndexControllerTest does not declare any static, non-private, non-final, nested classes annotated with @Configuration.
2021-11-17 21:37:01.682  INFO 16500 --- [    Test worker] .b.t.c.SpringBootTestContextBootstrapper : Found @SpringBootConfiguration com.myweb.springboot.Application for test class com.myweb.springboot.web.IndexControllerTest
2021-11-17 21:37:01.686  INFO 16500 --- [    Test worker] .b.t.c.SpringBootTestContextBootstrapper : Loaded default TestExecutionListener class names from location [META-INF/spring.factories]: [org.springframework.security.test.context.support.WithSecurityContextTestExecutionListener, org.springframework.security.test.context.support.ReactorContextTestExecutionListener, org.springframework.boot.test.autoconfigure.restdocs.RestDocsTestExecutionListener, org.springframework.boot.test.autoconfigure.web.client.MockRestServiceServerResetTestExecutionListener, org.springframework.boot.test.autoconfigure.web.servlet.MockMvcPrintOnlyOnFailureTestExecutionListener, org.springframework.boot.test.autoconfigure.web.servlet.WebDriverTestExecutionListener, org.springframework.boot.test.mock.mockito.MockitoTestExecutionListener, org.springframework.boot.test.mock.mockito.ResetMocksTestExecutionListener, org.springframework.test.context.web.ServletTestExecutionListener, org.springframework.test.context.support.DirtiesContextBeforeModesTestExecutionListener, org.springframework.test.context.support.DependencyInjectionTestExecutionListener, org.springframework.test.context.support.DirtiesContextTestExecutionListener, org.springframework.test.context.transaction.TransactionalTestExecutionListener, org.springframework.test.context.jdbc.SqlScriptsTestExecutionListener]
2021-11-17 21:37:01.689  INFO 16500 --- [    Test worker] .b.t.c.SpringBootTestContextBootstrapper : Using TestExecutionListeners: [org.springframework.test.context.web.ServletTestExecutionListener@3dfb08ba, org.springframework.test.context.support.DirtiesContextBeforeModesTestExecutionListener@4da2bd18, org.springframework.boot.test.mock.mockito.MockitoTestExecutionListener@1647cc3a, org.springframework.boot.test.autoconfigure.SpringBootDependencyInjectionTestExecutionListener@1a3d2f0c, org.springframework.test.context.support.DirtiesContextTestExecutionListener@7fe65a29, org.springframework.test.context.transaction.TransactionalTestExecutionListener@27f472b0, org.springframework.test.context.jdbc.SqlScriptsTestExecutionListener@f7a5c68, org.springframework.security.test.context.support.WithSecurityContextTestExecutionListener@7c4c57c4, org.springframework.security.test.context.support.ReactorContextTestExecutionListener@31b67d76, org.springframework.boot.test.autoconfigure.restdocs.RestDocsTestExecutionListener@35d3f802, org.springframework.boot.test.autoconfigure.web.client.MockRestServiceServerResetTestExecutionListener@68976bcc, org.springframework.boot.test.autoconfigure.web.servlet.MockMvcPrintOnlyOnFailureTestExecutionListener@767be36d, org.springframework.boot.test.autoconfigure.web.servlet.WebDriverTestExecutionListener@74247d19, org.springframework.boot.test.mock.mockito.ResetMocksTestExecutionListener@5e1d8877]
Hibernate: select posts0_.id as id1_0_, posts0_.created_date as created_2_0_, posts0_.modified_date as modified3_0_, posts0_.author as author4_0_, posts0_.content as content5_0_, posts0_.title as title6_0_ from posts posts0_ order by posts0_.id DESC
]]></system-out>
  <system-err><![CDATA[]]></system-err>
</testsuite>
