<?xml version="1.0" encoding="UTF-8"?>
<testsuite name="com.myweb.springboot.web.domain.posts.PostsRepositoryTest" tests="2" skipped="0" failures="0" errors="0" timestamp="2021-11-17T12:36:58" hostname="SOYEON" time="0.069">
  <properties/>
  <testcase name="게시글저장_불러오기" classname="com.myweb.springboot.web.domain.posts.PostsRepositoryTest" time="0.045"/>
  <testcase name="BaseTimeEntity_등록" classname="com.myweb.springboot.web.domain.posts.PostsRepositoryTest" time="0.023"/>
  <system-out><![CDATA[2021-11-17 21:36:53.889  INFO 16500 --- [    Test worker] .b.t.c.SpringBootTestContextBootstrapper : Neither @ContextConfiguration nor @ContextHierarchy found for test class [com.myweb.springboot.web.domain.posts.PostsRepositoryTest], using SpringBootContextLoader
2021-11-17 21:36:53.892  INFO 16500 --- [    Test worker] o.s.t.c.support.AbstractContextLoader    : Could not detect default resource locations for test class [com.myweb.springboot.web.domain.posts.PostsRepositoryTest]: no resource found for suffixes {-context.xml, Context.groovy}.
2021-11-17 21:36:53.893  INFO 16500 --- [    Test worker] t.c.s.AnnotationConfigContextLoaderUtils : Could not detect default configuration classes for test class [com.myweb.springboot.web.domain.posts.PostsRepositoryTest]: PostsRepositoryTest does not declare any static, non-private, non-final, nested classes annotated with @Configuration.
2021-11-17 21:36:53.927  INFO 16500 --- [    Test worker] .b.t.c.SpringBootTestContextBootstrapper : Found @SpringBootConfiguration com.myweb.springboot.Application for test class com.myweb.springboot.web.domain.posts.PostsRepositoryTest
2021-11-17 21:36:53.932  INFO 16500 --- [    Test worker] .b.t.c.SpringBootTestContextBootstrapper : Loaded default TestExecutionListener class names from location [META-INF/spring.factories]: [org.springframework.security.test.context.support.WithSecurityContextTestExecutionListener, org.springframework.security.test.context.support.ReactorContextTestExecutionListener, org.springframework.boot.test.autoconfigure.restdocs.RestDocsTestExecutionListener, org.springframework.boot.test.autoconfigure.web.client.MockRestServiceServerResetTestExecutionListener, org.springframework.boot.test.autoconfigure.web.servlet.MockMvcPrintOnlyOnFailureTestExecutionListener, org.springframework.boot.test.autoconfigure.web.servlet.WebDriverTestExecutionListener, org.springframework.boot.test.mock.mockito.MockitoTestExecutionListener, org.springframework.boot.test.mock.mockito.ResetMocksTestExecutionListener, org.springframework.test.context.web.ServletTestExecutionListener, org.springframework.test.context.support.DirtiesContextBeforeModesTestExecutionListener, org.springframework.test.context.support.DependencyInjectionTestExecutionListener, org.springframework.test.context.support.DirtiesContextTestExecutionListener, org.springframework.test.context.transaction.TransactionalTestExecutionListener, org.springframework.test.context.jdbc.SqlScriptsTestExecutionListener]
2021-11-17 21:36:53.936  INFO 16500 --- [    Test worker] .b.t.c.SpringBootTestContextBootstrapper : Using TestExecutionListeners: [org.springframework.test.context.web.ServletTestExecutionListener@7935ee6e, org.springframework.test.context.support.DirtiesContextBeforeModesTestExecutionListener@6df106e2, org.springframework.boot.test.mock.mockito.MockitoTestExecutionListener@3be418be, org.springframework.boot.test.autoconfigure.SpringBootDependencyInjectionTestExecutionListener@2141c02, org.springframework.test.context.support.DirtiesContextTestExecutionListener@5404d4b0, org.springframework.test.context.transaction.TransactionalTestExecutionListener@31a71ec4, org.springframework.test.context.jdbc.SqlScriptsTestExecutionListener@2a1dc1a6, org.springframework.security.test.context.support.WithSecurityContextTestExecutionListener@8cb3ceb, org.springframework.security.test.context.support.ReactorContextTestExecutionListener@7a98c816, org.springframework.boot.test.autoconfigure.restdocs.RestDocsTestExecutionListener@7340b8bf, org.springframework.boot.test.autoconfigure.web.client.MockRestServiceServerResetTestExecutionListener@37945780, org.springframework.boot.test.autoconfigure.web.servlet.MockMvcPrintOnlyOnFailureTestExecutionListener@66e909fd, org.springframework.boot.test.autoconfigure.web.servlet.WebDriverTestExecutionListener@5a0db54e, org.springframework.boot.test.mock.mockito.ResetMocksTestExecutionListener@2cfe6bf0]

  .   ____          _            __ _ _
 /\\ / ___'_ __ _ _(_)_ __  __ _ \ \ \ \
( ( )\___ | '_ | '_| | '_ \/ _` | \ \ \ \
 \\/  ___)| |_)| | | | | || (_| |  ) ) ) )
  '  |____| .__|_| |_|_| |_\__, | / / / /
 =========|_|==============|___/=/_/_/_/
 :: Spring Boot ::        (v2.1.9.RELEASE)

2021-11-17 21:36:54.057  INFO 16500 --- [    Test worker] c.m.s.w.d.posts.PostsRepositoryTest      : Starting PostsRepositoryTest on SOYEON with PID 16500 (started by poiuy in C:\Users\poiuy\IdeaProjects\springboot-webservice)
2021-11-17 21:36:54.058  INFO 16500 --- [    Test worker] c.m.s.w.d.posts.PostsRepositoryTest      : No active profile set, falling back to default profiles: default
2021-11-17 21:36:54.820  INFO 16500 --- [    Test worker] .s.d.r.c.RepositoryConfigurationDelegate : Bootstrapping Spring Data repositories in DEFAULT mode.
2021-11-17 21:36:54.903  INFO 16500 --- [    Test worker] .s.d.r.c.RepositoryConfigurationDelegate : Finished Spring Data repository scanning in 83ms. Found 2 repository interfaces.
2021-11-17 21:36:55.208  INFO 16500 --- [    Test worker] trationDelegate$BeanPostProcessorChecker : Bean 'org.springframework.transaction.annotation.ProxyTransactionManagementConfiguration' of type [org.springframework.transaction.annotation.ProxyTransactionManagementConfiguration$$EnhancerBySpringCGLIB$$d266c8b7] is not eligible for getting processed by all BeanPostProcessors (for example: not eligible for auto-proxying)
2021-11-17 21:36:55.472  INFO 16500 --- [    Test worker] com.zaxxer.hikari.HikariDataSource       : HikariPool-2 - Starting...
2021-11-17 21:36:55.474  INFO 16500 --- [    Test worker] com.zaxxer.hikari.HikariDataSource       : HikariPool-2 - Start completed.
2021-11-17 21:36:55.568  INFO 16500 --- [    Test worker] o.hibernate.jpa.internal.util.LogHelper  : HHH000204: Processing PersistenceUnitInfo [
	name: default
	...]
2021-11-17 21:36:55.598  INFO 16500 --- [    Test worker] org.hibernate.dialect.Dialect            : HHH000400: Using dialect: org.hibernate.dialect.MySQL5InnoDBDialect
Hibernate: drop table if exists posts
Hibernate: drop table if exists user
Hibernate: create table posts (id bigint not null auto_increment, created_date datetime, modified_date datetime, author varchar(255), content TEXT not null, title varchar(500) not null, primary key (id)) engine=InnoDB
Hibernate: create table user (id bigint not null auto_increment, created_date datetime, modified_date datetime, email varchar(255) not null, name varchar(255) not null, picture varchar(255), role varchar(255) not null, primary key (id)) engine=InnoDB
2021-11-17 21:36:55.701  INFO 16500 --- [    Test worker] o.h.t.schema.internal.SchemaCreatorImpl  : HHH000476: Executing import script 'org.hibernate.tool.schema.internal.exec.ScriptSourceInputNonExistentImpl@2e90a6c7'
2021-11-17 21:36:55.702  INFO 16500 --- [    Test worker] j.LocalContainerEntityManagerFactoryBean : Initialized JPA EntityManagerFactory for persistence unit 'default'
2021-11-17 21:36:56.214  INFO 16500 --- [    Test worker] o.h.h.i.QueryTranslatorFactoryInitiator  : HHH000397: Using ASTQueryTranslatorFactory
2021-11-17 21:36:56.654  INFO 16500 --- [    Test worker] o.s.s.web.DefaultSecurityFilterChain     : Creating filter chain: any request, [org.springframework.security.web.context.request.async.WebAsyncManagerIntegrationFilter@217b913, org.springframework.security.web.context.SecurityContextPersistenceFilter@1d9676d4, org.springframework.security.web.header.HeaderWriterFilter@5aeac717, org.springframework.security.web.authentication.logout.LogoutFilter@fcf9b89, org.springframework.security.oauth2.client.web.OAuth2AuthorizationRequestRedirectFilter@304398a1, org.springframework.security.oauth2.client.web.OAuth2LoginAuthenticationFilter@27f8b745, org.springframework.security.web.authentication.ui.DefaultLoginPageGeneratingFilter@214169a3, org.springframework.security.web.authentication.ui.DefaultLogoutPageGeneratingFilter@7bc529a1, org.springframework.security.web.savedrequest.RequestCacheAwareFilter@274c0b22, org.springframework.security.web.servletapi.SecurityContextHolderAwareRequestFilter@2b92a2a3, org.springframework.security.web.authentication.AnonymousAuthenticationFilter@57ef20e8, org.springframework.security.web.session.SessionManagementFilter@1b223f65, org.springframework.security.web.access.ExceptionTranslationFilter@8964eda, org.springframework.security.web.access.intercept.FilterSecurityInterceptor@5635f3db]
2021-11-17 21:36:57.539  INFO 16500 --- [    Test worker] o.s.s.concurrent.ThreadPoolTaskExecutor  : Initializing ExecutorService 'applicationTaskExecutor'
2021-11-17 21:36:57.570  WARN 16500 --- [    Test worker] aWebConfiguration$JpaWebMvcConfiguration : spring.jpa.open-in-view is enabled by default. Therefore, database queries may be performed during view rendering. Explicitly configure spring.jpa.open-in-view to disable this warning
2021-11-17 21:36:57.639  INFO 16500 --- [    Test worker] o.s.b.a.w.s.WelcomePageHandlerMapping    : Adding welcome page template: index
2021-11-17 21:36:58.732  INFO 16500 --- [    Test worker] s.a.ScheduledAnnotationBeanPostProcessor : No TaskScheduler/ScheduledExecutorService bean found for scheduled processing
2021-11-17 21:36:58.734  INFO 16500 --- [    Test worker] c.m.s.w.d.posts.PostsRepositoryTest      : Started PostsRepositoryTest in 4.776 seconds (JVM running for 26.591)
Hibernate: insert into posts (created_date, modified_date, author, content, title) values (?, ?, ?, ?, ?)
Hibernate: select posts0_.id as id1_0_, posts0_.created_date as created_2_0_, posts0_.modified_date as modified3_0_, posts0_.author as author4_0_, posts0_.content as content5_0_, posts0_.title as title6_0_ from posts posts0_
Hibernate: select posts0_.id as id1_0_, posts0_.created_date as created_2_0_, posts0_.modified_date as modified3_0_, posts0_.author as author4_0_, posts0_.content as content5_0_, posts0_.title as title6_0_ from posts posts0_
Hibernate: delete from posts where id=?
Hibernate: insert into posts (created_date, modified_date, author, content, title) values (?, ?, ?, ?, ?)
Hibernate: select posts0_.id as id1_0_, posts0_.created_date as created_2_0_, posts0_.modified_date as modified3_0_, posts0_.author as author4_0_, posts0_.content as content5_0_, posts0_.title as title6_0_ from posts posts0_
>>>>>>>>>>> createDate = 2021-11-17T21:36:58.793, modifiedDate = 2021-11-17T21:36:58.793
Hibernate: select posts0_.id as id1_0_, posts0_.created_date as created_2_0_, posts0_.modified_date as modified3_0_, posts0_.author as author4_0_, posts0_.content as content5_0_, posts0_.title as title6_0_ from posts posts0_
Hibernate: delete from posts where id=?
]]></system-out>
  <system-err><![CDATA[]]></system-err>
</testsuite>
