<?xml version="1.0" encoding="UTF-8"?>
<testsuite name="com.myweb.springboot.web.IndexControllerTest" tests="1" skipped="0" failures="0" errors="0" timestamp="2021-11-11T13:14:42" hostname="SOYEON" time="0.172">
  <properties/>
  <testcase name="메인페이지_로딩" classname="com.myweb.springboot.web.IndexControllerTest" time="0.172"/>
  <system-out><![CDATA[2021-11-11 22:14:42.271  INFO 20960 --- [    Test worker] .b.t.c.SpringBootTestContextBootstrapper : Neither @ContextConfiguration nor @ContextHierarchy found for test class [com.myweb.springboot.web.IndexControllerTest], using SpringBootContextLoader
2021-11-11 22:14:42.275  INFO 20960 --- [    Test worker] o.s.t.c.support.AbstractContextLoader    : Could not detect default resource locations for test class [com.myweb.springboot.web.IndexControllerTest]: no resource found for suffixes {-context.xml, Context.groovy}.
2021-11-11 22:14:42.276  INFO 20960 --- [    Test worker] t.c.s.AnnotationConfigContextLoaderUtils : Could not detect default configuration classes for test class [com.myweb.springboot.web.IndexControllerTest]: IndexControllerTest does not declare any static, non-private, non-final, nested classes annotated with @Configuration.
2021-11-11 22:14:42.285  INFO 20960 --- [    Test worker] .b.t.c.SpringBootTestContextBootstrapper : Found @SpringBootConfiguration com.myweb.springboot.Application for test class com.myweb.springboot.web.IndexControllerTest
2021-11-11 22:14:42.290  INFO 20960 --- [    Test worker] .b.t.c.SpringBootTestContextBootstrapper : Loaded default TestExecutionListener class names from location [META-INF/spring.factories]: [org.springframework.security.test.context.support.WithSecurityContextTestExecutionListener, org.springframework.security.test.context.support.ReactorContextTestExecutionListener, org.springframework.boot.test.autoconfigure.restdocs.RestDocsTestExecutionListener, org.springframework.boot.test.autoconfigure.web.client.MockRestServiceServerResetTestExecutionListener, org.springframework.boot.test.autoconfigure.web.servlet.MockMvcPrintOnlyOnFailureTestExecutionListener, org.springframework.boot.test.autoconfigure.web.servlet.WebDriverTestExecutionListener, org.springframework.boot.test.mock.mockito.MockitoTestExecutionListener, org.springframework.boot.test.mock.mockito.ResetMocksTestExecutionListener, org.springframework.test.context.web.ServletTestExecutionListener, org.springframework.test.context.support.DirtiesContextBeforeModesTestExecutionListener, org.springframework.test.context.support.DependencyInjectionTestExecutionListener, org.springframework.test.context.support.DirtiesContextTestExecutionListener, org.springframework.test.context.transaction.TransactionalTestExecutionListener, org.springframework.test.context.jdbc.SqlScriptsTestExecutionListener]
2021-11-11 22:14:42.294  INFO 20960 --- [    Test worker] .b.t.c.SpringBootTestContextBootstrapper : Using TestExecutionListeners: [org.springframework.test.context.web.ServletTestExecutionListener@4c3df748, org.springframework.test.context.support.DirtiesContextBeforeModesTestExecutionListener@2f2f785d, org.springframework.boot.test.mock.mockito.MockitoTestExecutionListener@1951e921, org.springframework.boot.test.autoconfigure.SpringBootDependencyInjectionTestExecutionListener@34a9c2da, org.springframework.test.context.support.DirtiesContextTestExecutionListener@170de4b0, org.springframework.test.context.transaction.TransactionalTestExecutionListener@43348b9c, org.springframework.test.context.jdbc.SqlScriptsTestExecutionListener@55ba7a3a, org.springframework.security.test.context.support.WithSecurityContextTestExecutionListener@2fffcd45, org.springframework.security.test.context.support.ReactorContextTestExecutionListener@572f846e, org.springframework.boot.test.autoconfigure.restdocs.RestDocsTestExecutionListener@30a09d7c, org.springframework.boot.test.autoconfigure.web.client.MockRestServiceServerResetTestExecutionListener@36cd5af8, org.springframework.boot.test.autoconfigure.web.servlet.MockMvcPrintOnlyOnFailureTestExecutionListener@67892c81, org.springframework.boot.test.autoconfigure.web.servlet.WebDriverTestExecutionListener@4c2ec8ea, org.springframework.boot.test.mock.mockito.ResetMocksTestExecutionListener@7851f76e]
Hibernate: select posts0_.id as id1_0_, posts0_.created_date as created_2_0_, posts0_.modified_date as modified3_0_, posts0_.author as author4_0_, posts0_.content as content5_0_, posts0_.title as title6_0_ from posts posts0_ order by posts0_.id DESC
]]></system-out>
  <system-err><![CDATA[]]></system-err>
</testsuite>
