<?xml version="1.0" encoding="UTF-8"?>
<testsuite name="com.myweb.springboot.web.HelloControllerTest" tests="2" skipped="0" failures="0" errors="0" timestamp="2021-11-17T12:37:01" hostname="SOYEON" time="0.118">
  <properties/>
  <testcase name="hello가_리턴된다" classname="com.myweb.springboot.web.HelloControllerTest" time="0.039"/>
  <testcase name="helloDto가_리턴된다" classname="com.myweb.springboot.web.HelloControllerTest" time="0.078"/>
  <system-out><![CDATA[2021-11-17 21:36:58.842  INFO 16500 --- [    Test worker] .b.t.a.w.s.WebMvcTestContextBootstrapper : Neither @ContextConfiguration nor @ContextHierarchy found for test class [com.myweb.springboot.web.HelloControllerTest], using SpringBootContextLoader
2021-11-17 21:36:58.845  INFO 16500 --- [    Test worker] o.s.t.c.support.AbstractContextLoader    : Could not detect default resource locations for test class [com.myweb.springboot.web.HelloControllerTest]: no resource found for suffixes {-context.xml, Context.groovy}.
2021-11-17 21:36:58.846  INFO 16500 --- [    Test worker] t.c.s.AnnotationConfigContextLoaderUtils : Could not detect default configuration classes for test class [com.myweb.springboot.web.HelloControllerTest]: HelloControllerTest does not declare any static, non-private, non-final, nested classes annotated with @Configuration.
2021-11-17 21:36:58.883  INFO 16500 --- [    Test worker] .b.t.c.SpringBootTestContextBootstrapper : Found @SpringBootConfiguration com.myweb.springboot.Application for test class com.myweb.springboot.web.HelloControllerTest
2021-11-17 21:36:58.887  INFO 16500 --- [    Test worker] .b.t.a.w.s.WebMvcTestContextBootstrapper : Loaded default TestExecutionListener class names from location [META-INF/spring.factories]: [org.springframework.security.test.context.support.WithSecurityContextTestExecutionListener, org.springframework.security.test.context.support.ReactorContextTestExecutionListener, org.springframework.boot.test.autoconfigure.restdocs.RestDocsTestExecutionListener, org.springframework.boot.test.autoconfigure.web.client.MockRestServiceServerResetTestExecutionListener, org.springframework.boot.test.autoconfigure.web.servlet.MockMvcPrintOnlyOnFailureTestExecutionListener, org.springframework.boot.test.autoconfigure.web.servlet.WebDriverTestExecutionListener, org.springframework.boot.test.mock.mockito.MockitoTestExecutionListener, org.springframework.boot.test.mock.mockito.ResetMocksTestExecutionListener, org.springframework.test.context.web.ServletTestExecutionListener, org.springframework.test.context.support.DirtiesContextBeforeModesTestExecutionListener, org.springframework.test.context.support.DependencyInjectionTestExecutionListener, org.springframework.test.context.support.DirtiesContextTestExecutionListener, org.springframework.test.context.transaction.TransactionalTestExecutionListener, org.springframework.test.context.jdbc.SqlScriptsTestExecutionListener]
2021-11-17 21:36:58.892  INFO 16500 --- [    Test worker] .b.t.a.w.s.WebMvcTestContextBootstrapper : Using TestExecutionListeners: [org.springframework.test.context.web.ServletTestExecutionListener@387472d3, org.springframework.test.context.support.DirtiesContextBeforeModesTestExecutionListener@7b1e5297, org.springframework.boot.test.mock.mockito.MockitoTestExecutionListener@31a105fe, org.springframework.boot.test.autoconfigure.SpringBootDependencyInjectionTestExecutionListener@3cd9fc44, org.springframework.test.context.support.DirtiesContextTestExecutionListener@27a0f3e6, org.springframework.test.context.transaction.TransactionalTestExecutionListener@2ea3876f, org.springframework.test.context.jdbc.SqlScriptsTestExecutionListener@1794f9b0, org.springframework.security.test.context.support.WithSecurityContextTestExecutionListener@645c0cda, org.springframework.security.test.context.support.ReactorContextTestExecutionListener@44c3fc74, org.springframework.boot.test.autoconfigure.restdocs.RestDocsTestExecutionListener@7669837c, org.springframework.boot.test.autoconfigure.web.client.MockRestServiceServerResetTestExecutionListener@4600bd78, org.springframework.boot.test.autoconfigure.web.servlet.MockMvcPrintOnlyOnFailureTestExecutionListener@42be43be, org.springframework.boot.test.autoconfigure.web.servlet.WebDriverTestExecutionListener@194537c1, org.springframework.boot.test.mock.mockito.ResetMocksTestExecutionListener@238d35f6]

  .   ____          _            __ _ _
 /\\ / ___'_ __ _ _(_)_ __  __ _ \ \ \ \
( ( )\___ | '_ | '_| | '_ \/ _` | \ \ \ \
 \\/  ___)| |_)| | | | | || (_| |  ) ) ) )
  '  |____| .__|_| |_|_| |_\__, | / / / /
 =========|_|==============|___/=/_/_/_/
 :: Spring Boot ::        (v2.1.9.RELEASE)

2021-11-17 21:36:58.993  INFO 16500 --- [    Test worker] c.m.springboot.web.HelloControllerTest   : Starting HelloControllerTest on SOYEON with PID 16500 (started by poiuy in C:\Users\poiuy\IdeaProjects\springboot-webservice)
2021-11-17 21:36:58.994  INFO 16500 --- [    Test worker] c.m.springboot.web.HelloControllerTest   : No active profile set, falling back to default profiles: default
2021-11-17 21:37:00.188  INFO 16500 --- [    Test worker] o.s.s.concurrent.ThreadPoolTaskExecutor  : Initializing ExecutorService 'applicationTaskExecutor'
2021-11-17 21:37:00.282  INFO 16500 --- [    Test worker] o.s.b.a.w.s.WelcomePageHandlerMapping    : Adding welcome page template: index
2021-11-17 21:37:00.922  INFO 16500 --- [    Test worker] .s.s.UserDetailsServiceAutoConfiguration : 

Using generated security password: d3c8982b-994b-4158-aca7-8c01f983bf7a

2021-11-17 21:37:01.391  INFO 16500 --- [    Test worker] o.s.s.web.DefaultSecurityFilterChain     : Creating filter chain: any request, [org.springframework.security.web.context.request.async.WebAsyncManagerIntegrationFilter@516f1531, org.springframework.security.web.context.SecurityContextPersistenceFilter@2943898d, org.springframework.security.web.header.HeaderWriterFilter@480a04ad, org.springframework.security.web.csrf.CsrfFilter@622e3bc4, org.springframework.security.web.authentication.logout.LogoutFilter@4e45879a, org.springframework.security.web.authentication.UsernamePasswordAuthenticationFilter@3fdff522, org.springframework.security.web.authentication.ui.DefaultLoginPageGeneratingFilter@59a195f9, org.springframework.security.web.authentication.ui.DefaultLogoutPageGeneratingFilter@5faf966, org.springframework.security.web.authentication.www.BasicAuthenticationFilter@5cc8a8de, org.springframework.security.web.savedrequest.RequestCacheAwareFilter@55d87133, org.springframework.security.web.servletapi.SecurityContextHolderAwareRequestFilter@4d6f2849, org.springframework.security.web.authentication.AnonymousAuthenticationFilter@1c6d2f5f, org.springframework.security.web.session.SessionManagementFilter@5b69f673, org.springframework.security.web.access.ExceptionTranslationFilter@63b3ea9c, org.springframework.security.web.access.intercept.FilterSecurityInterceptor@52c3f3f1]
2021-11-17 21:37:01.428  INFO 16500 --- [    Test worker] o.s.b.t.m.w.SpringBootMockServletContext : Initializing Spring TestDispatcherServlet ''
2021-11-17 21:37:01.428  INFO 16500 --- [    Test worker] o.s.t.web.servlet.TestDispatcherServlet  : Initializing Servlet ''
2021-11-17 21:37:01.461  INFO 16500 --- [    Test worker] o.s.t.web.servlet.TestDispatcherServlet  : Completed initialization in 33 ms
2021-11-17 21:37:01.545  INFO 16500 --- [    Test worker] c.m.springboot.web.HelloControllerTest   : Started HelloControllerTest in 2.648 seconds (JVM running for 29.402)
]]></system-out>
  <system-err><![CDATA[]]></system-err>
</testsuite>
