<?xml version="1.0" encoding="UTF-8"?>
<testsuite name="com.myweb.springboot.web.domain.posts.PostsRepositoryTest" tests="2" skipped="0" failures="0" errors="0" timestamp="2021-11-11T13:14:42" hostname="SOYEON" time="0.153">
  <properties/>
  <testcase name="게시글저장_불러오기" classname="com.myweb.springboot.web.domain.posts.PostsRepositoryTest" time="0.116"/>
  <testcase name="BaseTimeEntity_등록" classname="com.myweb.springboot.web.domain.posts.PostsRepositoryTest" time="0.036"/>
  <system-out><![CDATA[2021-11-11 22:14:35.349  INFO 20960 --- [    Test worker] .b.t.c.SpringBootTestContextBootstrapper : Neither @ContextConfiguration nor @ContextHierarchy found for test class [com.myweb.springboot.web.domain.posts.PostsRepositoryTest], using SpringBootContextLoader
2021-11-11 22:14:35.353  INFO 20960 --- [    Test worker] o.s.t.c.support.AbstractContextLoader    : Could not detect default resource locations for test class [com.myweb.springboot.web.domain.posts.PostsRepositoryTest]: no resource found for suffixes {-context.xml, Context.groovy}.
2021-11-11 22:14:35.353  INFO 20960 --- [    Test worker] t.c.s.AnnotationConfigContextLoaderUtils : Could not detect default configuration classes for test class [com.myweb.springboot.web.domain.posts.PostsRepositoryTest]: PostsRepositoryTest does not declare any static, non-private, non-final, nested classes annotated with @Configuration.
2021-11-11 22:14:35.406  INFO 20960 --- [    Test worker] .b.t.c.SpringBootTestContextBootstrapper : Found @SpringBootConfiguration com.myweb.springboot.Application for test class com.myweb.springboot.web.domain.posts.PostsRepositoryTest
2021-11-11 22:14:35.413  INFO 20960 --- [    Test worker] .b.t.c.SpringBootTestContextBootstrapper : Loaded default TestExecutionListener class names from location [META-INF/spring.factories]: [org.springframework.security.test.context.support.WithSecurityContextTestExecutionListener, org.springframework.security.test.context.support.ReactorContextTestExecutionListener, org.springframework.boot.test.autoconfigure.restdocs.RestDocsTestExecutionListener, org.springframework.boot.test.autoconfigure.web.client.MockRestServiceServerResetTestExecutionListener, org.springframework.boot.test.autoconfigure.web.servlet.MockMvcPrintOnlyOnFailureTestExecutionListener, org.springframework.boot.test.autoconfigure.web.servlet.WebDriverTestExecutionListener, org.springframework.boot.test.mock.mockito.MockitoTestExecutionListener, org.springframework.boot.test.mock.mockito.ResetMocksTestExecutionListener, org.springframework.test.context.web.ServletTestExecutionListener, org.springframework.test.context.support.DirtiesContextBeforeModesTestExecutionListener, org.springframework.test.context.support.DependencyInjectionTestExecutionListener, org.springframework.test.context.support.DirtiesContextTestExecutionListener, org.springframework.test.context.transaction.TransactionalTestExecutionListener, org.springframework.test.context.jdbc.SqlScriptsTestExecutionListener]
2021-11-11 22:14:35.415  INFO 20960 --- [    Test worker] .b.t.c.SpringBootTestContextBootstrapper : Using TestExecutionListeners: [org.springframework.test.context.web.ServletTestExecutionListener@23c974ea, org.springframework.test.context.support.DirtiesContextBeforeModesTestExecutionListener@65d340e1, org.springframework.boot.test.mock.mockito.MockitoTestExecutionListener@4e0ab70c, org.springframework.boot.test.autoconfigure.SpringBootDependencyInjectionTestExecutionListener@47fece73, org.springframework.test.context.support.DirtiesContextTestExecutionListener@2f788c42, org.springframework.test.context.transaction.TransactionalTestExecutionListener@50d30504, org.springframework.test.context.jdbc.SqlScriptsTestExecutionListener@4b7a7ac5, org.springframework.security.test.context.support.WithSecurityContextTestExecutionListener@7a46b88f, org.springframework.security.test.context.support.ReactorContextTestExecutionListener@11373119, org.springframework.boot.test.autoconfigure.restdocs.RestDocsTestExecutionListener@5984ed1e, org.springframework.boot.test.autoconfigure.web.client.MockRestServiceServerResetTestExecutionListener@413018b9, org.springframework.boot.test.autoconfigure.web.servlet.MockMvcPrintOnlyOnFailureTestExecutionListener@efd52d0, org.springframework.boot.test.autoconfigure.web.servlet.WebDriverTestExecutionListener@26ea15ef, org.springframework.boot.test.mock.mockito.ResetMocksTestExecutionListener@5878f031]

  .   ____          _            __ _ _
 /\\ / ___'_ __ _ _(_)_ __  __ _ \ \ \ \
( ( )\___ | '_ | '_| | '_ \/ _` | \ \ \ \
 \\/  ___)| |_)| | | | | || (_| |  ) ) ) )
  '  |____| .__|_| |_|_| |_\__, | / / / /
 =========|_|==============|___/=/_/_/_/
 :: Spring Boot ::        (v2.1.9.RELEASE)

2021-11-11 22:14:35.544  INFO 20960 --- [    Test worker] c.m.s.w.d.posts.PostsRepositoryTest      : Starting PostsRepositoryTest on SOYEON with PID 20960 (started by poiuy in C:\Users\poiuy\IdeaProjects\springboot-webservice)
2021-11-11 22:14:35.545  INFO 20960 --- [    Test worker] c.m.s.w.d.posts.PostsRepositoryTest      : No active profile set, falling back to default profiles: default
2021-11-11 22:14:36.443  INFO 20960 --- [    Test worker] .s.d.r.c.RepositoryConfigurationDelegate : Bootstrapping Spring Data repositories in DEFAULT mode.
2021-11-11 22:14:36.563  INFO 20960 --- [    Test worker] .s.d.r.c.RepositoryConfigurationDelegate : Finished Spring Data repository scanning in 119ms. Found 2 repository interfaces.
2021-11-11 22:14:36.942  INFO 20960 --- [    Test worker] trationDelegate$BeanPostProcessorChecker : Bean 'org.springframework.transaction.annotation.ProxyTransactionManagementConfiguration' of type [org.springframework.transaction.annotation.ProxyTransactionManagementConfiguration$$EnhancerBySpringCGLIB$$8dd6ed88] is not eligible for getting processed by all BeanPostProcessors (for example: not eligible for auto-proxying)
2021-11-11 22:14:37.266  INFO 20960 --- [    Test worker] com.zaxxer.hikari.HikariDataSource       : HikariPool-2 - Starting...
2021-11-11 22:14:37.270  INFO 20960 --- [    Test worker] com.zaxxer.hikari.HikariDataSource       : HikariPool-2 - Start completed.
2021-11-11 22:14:37.475  INFO 20960 --- [    Test worker] o.hibernate.jpa.internal.util.LogHelper  : HHH000204: Processing PersistenceUnitInfo [
	name: default
	...]
2021-11-11 22:14:37.524  INFO 20960 --- [    Test worker] org.hibernate.dialect.Dialect            : HHH000400: Using dialect: org.hibernate.dialect.MySQL5InnoDBDialect
Hibernate: drop table if exists posts
Hibernate: drop table if exists user
Hibernate: create table posts (id bigint not null auto_increment, created_date datetime, modified_date datetime, author varchar(255), content TEXT not null, title varchar(500) not null, primary key (id)) engine=InnoDB
Hibernate: create table user (id bigint not null auto_increment, created_date datetime, modified_date datetime, email varchar(255) not null, name varchar(255) not null, picture varchar(255), role varchar(255) not null, primary key (id)) engine=InnoDB
2021-11-11 22:14:37.666  INFO 20960 --- [    Test worker] o.h.t.schema.internal.SchemaCreatorImpl  : HHH000476: Executing import script 'org.hibernate.tool.schema.internal.exec.ScriptSourceInputNonExistentImpl@2bc68918'
2021-11-11 22:14:37.667  INFO 20960 --- [    Test worker] j.LocalContainerEntityManagerFactoryBean : Initialized JPA EntityManagerFactory for persistence unit 'default'
2021-11-11 22:14:38.399  INFO 20960 --- [    Test worker] o.h.h.i.QueryTranslatorFactoryInitiator  : HHH000397: Using ASTQueryTranslatorFactory
2021-11-11 22:14:39.085  INFO 20960 --- [    Test worker] o.s.s.web.DefaultSecurityFilterChain     : Creating filter chain: any request, [org.springframework.security.web.context.request.async.WebAsyncManagerIntegrationFilter@2d10db0e, org.springframework.security.web.context.SecurityContextPersistenceFilter@2ddf7c13, org.springframework.security.web.header.HeaderWriterFilter@79f3db2b, org.springframework.security.web.authentication.logout.LogoutFilter@3ccb6d8c, org.springframework.security.oauth2.client.web.OAuth2AuthorizationRequestRedirectFilter@525fc732, org.springframework.security.oauth2.client.web.OAuth2LoginAuthenticationFilter@2946280e, org.springframework.security.web.authentication.ui.DefaultLoginPageGeneratingFilter@6a22bb3f, org.springframework.security.web.authentication.ui.DefaultLogoutPageGeneratingFilter@83284b, org.springframework.security.web.savedrequest.RequestCacheAwareFilter@4c808330, org.springframework.security.web.servletapi.SecurityContextHolderAwareRequestFilter@2bcd2308, org.springframework.security.web.authentication.AnonymousAuthenticationFilter@2cc9093e, org.springframework.security.web.session.SessionManagementFilter@6f75db7d, org.springframework.security.web.access.ExceptionTranslationFilter@1c245c, org.springframework.security.web.access.intercept.FilterSecurityInterceptor@50bfb02f]
2021-11-11 22:14:40.380  INFO 20960 --- [    Test worker] o.s.s.concurrent.ThreadPoolTaskExecutor  : Initializing ExecutorService 'applicationTaskExecutor'
2021-11-11 22:14:40.438  WARN 20960 --- [    Test worker] aWebConfiguration$JpaWebMvcConfiguration : spring.jpa.open-in-view is enabled by default. Therefore, database queries may be performed during view rendering. Explicitly configure spring.jpa.open-in-view to disable this warning
2021-11-11 22:14:40.558  INFO 20960 --- [    Test worker] o.s.b.a.w.s.WelcomePageHandlerMapping    : Adding welcome page template: index
2021-11-11 22:14:42.067  INFO 20960 --- [    Test worker] s.a.ScheduledAnnotationBeanPostProcessor : No TaskScheduler/ScheduledExecutorService bean found for scheduled processing
2021-11-11 22:14:42.071  INFO 20960 --- [    Test worker] c.m.s.w.d.posts.PostsRepositoryTest      : Started PostsRepositoryTest in 6.65 seconds (JVM running for 45.822)
Hibernate: insert into posts (created_date, modified_date, author, content, title) values (?, ?, ?, ?, ?)
Hibernate: select posts0_.id as id1_0_, posts0_.created_date as created_2_0_, posts0_.modified_date as modified3_0_, posts0_.author as author4_0_, posts0_.content as content5_0_, posts0_.title as title6_0_ from posts posts0_
Hibernate: select posts0_.id as id1_0_, posts0_.created_date as created_2_0_, posts0_.modified_date as modified3_0_, posts0_.author as author4_0_, posts0_.content as content5_0_, posts0_.title as title6_0_ from posts posts0_
Hibernate: delete from posts where id=?
Hibernate: insert into posts (created_date, modified_date, author, content, title) values (?, ?, ?, ?, ?)
Hibernate: select posts0_.id as id1_0_, posts0_.created_date as created_2_0_, posts0_.modified_date as modified3_0_, posts0_.author as author4_0_, posts0_.content as content5_0_, posts0_.title as title6_0_ from posts posts0_
>>>>>>>>>>> createDate = 2021-11-11T22:14:42.216, modifiedDate = 2021-11-11T22:14:42.216
Hibernate: select posts0_.id as id1_0_, posts0_.created_date as created_2_0_, posts0_.modified_date as modified3_0_, posts0_.author as author4_0_, posts0_.content as content5_0_, posts0_.title as title6_0_ from posts posts0_
Hibernate: delete from posts where id=?
]]></system-out>
  <system-err><![CDATA[]]></system-err>
</testsuite>
